<?xml version="1.0" encoding="UTF-8"?>
<!-- Generated by org.testng.reporters.JUnitReportReporter -->
<testsuite hostname="DESKTOP-JLHE1JF" failures="0" tests="3" name="testng.P1" time="0.027" errors="0" timestamp="2022-09-06T10:08:42 IST" skipped="0">
  <testcase classname="testng.P1" name="apple" time="0.020"/>
  <system-out>
    <![CDATA[safarchand]]>
  </system-out>
  <testcase classname="testng.P1" name="banana" time="0.005"/>
  <system-out>
    <![CDATA[kela]]>
  </system-out>
  <testcase classname="testng.P1" name="chickoo" time="0.002"/>
  <system-out>
    <![CDATA[Sapota]]>
  </system-out>
</testsuite> <!-- testng.P1 -->
