<?xml version="1.0" encoding="UTF-8"?>
<!-- Generated by org.testng.reporters.JUnitReportReporter -->
<testsuite hostname="DESKTOP-JLHE1JF" failures="0" tests="1" name="testng.P3" time="0.010" errors="0" timestamp="2022-09-03T11:17:07 IST" skipped="0">
  <testcase classname="testng.P3" name="test1" time="0.010"/>
  <system-out/>
</testsuite> <!-- testng.P3 -->
