<?xml version="1.0" encoding="UTF-8"?>
<!-- Generated by org.testng.reporters.JUnitReportReporter -->
<testsuite hostname="DESKTOP-JLHE1JF" failures="0" tests="3" name="testng.Act1" time="24.697" errors="0" timestamp="2022-09-03T11:17:07 IST" skipped="0">
  <testcase classname="testng.Act1" name="openApp" time="3.229"/>
  <system-out/>
  <testcase classname="testng.Act1" name="testApp" time="21.231"/>
  <system-out/>
  <testcase classname="testng.Act1" name="closeApp" time="0.237"/>
  <system-out/>
</testsuite> <!-- testng.Act1 -->
