<?xml version="1.0" encoding="UTF-8"?>
<!-- Generated by org.testng.reporters.JUnitReportReporter -->
<testsuite hostname="DESKTOP-JLHE1JF" failures="0" tests="10" name="testng.P2" time="0.048" errors="0" timestamp="2022-09-03T11:17:07 IST" skipped="0">
  <testcase classname="testng.P2" name="manjar" time="0.009"/>
  <system-out/>
  <testcase classname="testng.P2" name="manjar" time="0.002"/>
  <system-out/>
  <testcase classname="testng.P2" name="kavla" time="0.002"/>
  <system-out/>
  <testcase classname="testng.P2" name="kavla" time="0.005"/>
  <system-out/>
  <testcase classname="testng.P2" name="kavla" time="0.002"/>
  <system-out/>
  <testcase classname="testng.P2" name="kutra" time="0.010"/>
  <system-out/>
  <testcase classname="testng.P2" name="kutra" time="0.007"/>
  <system-out/>
  <testcase classname="testng.P2" name="kutra" time="0.005"/>
  <system-out/>
  <testcase classname="testng.P2" name="kutra" time="0.004"/>
  <system-out/>
  <testcase classname="testng.P2" name="kutra" time="0.002"/>
  <system-out/>
</testsuite> <!-- testng.P2 -->
