<?xml version="1.0" encoding="UTF-8"?>
<!-- Generated by org.testng.reporters.JUnitReportReporter -->
<testsuite hostname="DESKTOP-JLHE1JF" failures="0" tests="2" name="testng.P5" time="16.121" errors="0" timestamp="2022-09-03T11:47:14 IST" skipped="0">
  <testcase classname="testng.P5" name="testGoogle" time="10.619"/>
  <system-out/>
  <testcase classname="testng.P5" name="testFb" time="5.502"/>
  <system-out/>
</testsuite> <!-- testng.P5 -->
