<?xml version="1.0" encoding="UTF-8"?>
<!-- Generated by org.testng.reporters.JUnitReportReporter -->
<testsuite hostname="DESKTOP-JLHE1JF" failures="0" tests="2" name="testng.P4" time="0.015" errors="0" timestamp="2022-09-03T11:17:07 IST" skipped="0">
  <testcase classname="testng.P4" name="b3" time="0.007"/>
  <system-out/>
  <testcase classname="testng.P4" name="b4" time="0.008"/>
  <system-out/>
</testsuite> <!-- testng.P4 -->
